<?xml version="1.0" encoding="UTF-8"?>
<testsuite xmlns:xsi="http://www.w3.org/2001/XMLSchema-instance" xsi:noNamespaceSchemaLocation="https://maven.apache.org/surefire/maven-surefire-plugin/xsd/surefire-test-report.xsd" name="com.example.demo.DemoApplicationTests" time="1.068" tests="1" errors="0" skipped="0" failures="0">
  <properties>
    <property name="sun.desktop" value="windows"/>
    <property name="awt.toolkit" value="sun.awt.windows.WToolkit"/>
    <property name="file.encoding.pkg" value="sun.io"/>
    <property name="java.specification.version" value="1.8"/>
    <property name="sun.cpu.isalist" value="amd64"/>
    <property name="sun.jnu.encoding" value="GBK"/>
    <property name="java.class.path" value="D:\MySpringProject\demo\target\test-classes;D:\MySpringProject\demo\target\classes;D:\apache-maven-3.9.2\repository\org\springframework\boot\spring-boot-starter\2.7.12\spring-boot-starter-2.7.12.jar;D:\apache-maven-3.9.2\repository\org\springframework\boot\spring-boot\2.7.12\spring-boot-2.7.12.jar;D:\apache-maven-3.9.2\repository\org\springframework\spring-context\5.3.27\spring-context-5.3.27.jar;D:\apache-maven-3.9.2\repository\org\springframework\spring-aop\5.3.27\spring-aop-5.3.27.jar;D:\apache-maven-3.9.2\repository\org\springframework\spring-beans\5.3.27\spring-beans-5.3.27.jar;D:\apache-maven-3.9.2\repository\org\springframework\spring-expression\5.3.27\spring-expression-5.3.27.jar;D:\apache-maven-3.9.2\repository\org\springframework\boot\spring-boot-autoconfigure\2.7.12\spring-boot-autoconfigure-2.7.12.jar;D:\apache-maven-3.9.2\repository\org\springframework\boot\spring-boot-starter-logging\2.7.12\spring-boot-starter-logging-2.7.12.jar;D:\apache-maven-3.9.2\repository\ch\qos\logback\logback-classic\1.2.12\logback-classic-1.2.12.jar;D:\apache-maven-3.9.2\repository\ch\qos\logback\logback-core\1.2.12\logback-core-1.2.12.jar;D:\apache-maven-3.9.2\repository\org\apache\logging\log4j\log4j-to-slf4j\2.17.2\log4j-to-slf4j-2.17.2.jar;D:\apache-maven-3.9.2\repository\org\apache\logging\log4j\log4j-api\2.17.2\log4j-api-2.17.2.jar;D:\apache-maven-3.9.2\repository\org\slf4j\jul-to-slf4j\1.7.36\jul-to-slf4j-1.7.36.jar;D:\apache-maven-3.9.2\repository\jakarta\annotation\jakarta.annotation-api\1.3.5\jakarta.annotation-api-1.3.5.jar;D:\apache-maven-3.9.2\repository\org\springframework\spring-core\5.3.27\spring-core-5.3.27.jar;D:\apache-maven-3.9.2\repository\org\springframework\spring-jcl\5.3.27\spring-jcl-5.3.27.jar;D:\apache-maven-3.9.2\repository\org\yaml\snakeyaml\1.30\snakeyaml-1.30.jar;D:\apache-maven-3.9.2\repository\org\springframework\boot\spring-boot-starter-test\2.7.12\spring-boot-starter-test-2.7.12.jar;D:\apache-maven-3.9.2\repository\org\springframework\boot\spring-boot-test\2.7.12\spring-boot-test-2.7.12.jar;D:\apache-maven-3.9.2\repository\org\springframework\boot\spring-boot-test-autoconfigure\2.7.12\spring-boot-test-autoconfigure-2.7.12.jar;D:\apache-maven-3.9.2\repository\com\jayway\jsonpath\json-path\2.7.0\json-path-2.7.0.jar;D:\apache-maven-3.9.2\repository\net\minidev\json-smart\2.4.11\json-smart-2.4.11.jar;D:\apache-maven-3.9.2\repository\net\minidev\accessors-smart\2.4.11\accessors-smart-2.4.11.jar;D:\apache-maven-3.9.2\repository\org\ow2\asm\asm\9.3\asm-9.3.jar;D:\apache-maven-3.9.2\repository\org\slf4j\slf4j-api\1.7.36\slf4j-api-1.7.36.jar;D:\apache-maven-3.9.2\repository\jakarta\xml\bind\jakarta.xml.bind-api\2.3.3\jakarta.xml.bind-api-2.3.3.jar;D:\apache-maven-3.9.2\repository\jakarta\activation\jakarta.activation-api\1.2.2\jakarta.activation-api-1.2.2.jar;D:\apache-maven-3.9.2\repository\org\assertj\assertj-core\3.22.0\assertj-core-3.22.0.jar;D:\apache-maven-3.9.2\repository\org\hamcrest\hamcrest\2.2\hamcrest-2.2.jar;D:\apache-maven-3.9.2\repository\org\junit\jupiter\junit-jupiter\5.8.2\junit-jupiter-5.8.2.jar;D:\apache-maven-3.9.2\repository\org\junit\jupiter\junit-jupiter-api\5.8.2\junit-jupiter-api-5.8.2.jar;D:\apache-maven-3.9.2\repository\org\opentest4j\opentest4j\1.2.0\opentest4j-1.2.0.jar;D:\apache-maven-3.9.2\repository\org\junit\platform\junit-platform-commons\1.8.2\junit-platform-commons-1.8.2.jar;D:\apache-maven-3.9.2\repository\org\apiguardian\apiguardian-api\1.1.2\apiguardian-api-1.1.2.jar;D:\apache-maven-3.9.2\repository\org\junit\jupiter\junit-jupiter-params\5.8.2\junit-jupiter-params-5.8.2.jar;D:\apache-maven-3.9.2\repository\org\junit\jupiter\junit-jupiter-engine\5.8.2\junit-jupiter-engine-5.8.2.jar;D:\apache-maven-3.9.2\repository\org\junit\platform\junit-platform-engine\1.8.2\junit-platform-engine-1.8.2.jar;D:\apache-maven-3.9.2\repository\org\mockito\mockito-core\4.5.1\mockito-core-4.5.1.jar;D:\apache-maven-3.9.2\repository\net\bytebuddy\byte-buddy\1.12.23\byte-buddy-1.12.23.jar;D:\apache-maven-3.9.2\repository\net\bytebuddy\byte-buddy-agent\1.12.23\byte-buddy-agent-1.12.23.jar;D:\apache-maven-3.9.2\repository\org\objenesis\objenesis\3.2\objenesis-3.2.jar;D:\apache-maven-3.9.2\repository\org\mockito\mockito-junit-jupiter\4.5.1\mockito-junit-jupiter-4.5.1.jar;D:\apache-maven-3.9.2\repository\org\skyscreamer\jsonassert\1.5.1\jsonassert-1.5.1.jar;D:\apache-maven-3.9.2\repository\com\vaadin\external\google\android-json\0.0.20131108.vaadin1\android-json-0.0.20131108.vaadin1.jar;D:\apache-maven-3.9.2\repository\org\springframework\spring-test\5.3.27\spring-test-5.3.27.jar;D:\apache-maven-3.9.2\repository\org\xmlunit\xmlunit-core\2.9.1\xmlunit-core-2.9.1.jar;"/>
    <property name="java.vm.vendor" value="Oracle Corporation"/>
    <property name="sun.arch.data.model" value="64"/>
    <property name="user.variant" value=""/>
    <property name="java.vendor.url" value="http://java.oracle.com/"/>
    <property name="user.timezone" value="Asia/Shanghai"/>
    <property name="java.vm.specification.version" value="1.8"/>
    <property name="os.name" value="Windows 10"/>
    <property name="user.country" value="CN"/>
    <property name="sun.java.launcher" value="SUN_STANDARD"/>
    <property name="sun.boot.library.path" value="C:\Program Files\Java\jdk1.8.0_74\jre\bin"/>
    <property name="sun.java.command" value="C:\Users\aoligei\AppData\Local\Temp\surefire7444737413364953163\surefirebooter4010294414833502217.jar C:\Users\aoligei\AppData\Local\Temp\surefire7444737413364953163 2023-05-22T02-25-24_554-jvmRun1 surefire1773714549401941574tmp surefire_07185967938499538830tmp"/>
    <property name="surefire.test.class.path" value="D:\MySpringProject\demo\target\test-classes;D:\MySpringProject\demo\target\classes;D:\apache-maven-3.9.2\repository\org\springframework\boot\spring-boot-starter\2.7.12\spring-boot-starter-2.7.12.jar;D:\apache-maven-3.9.2\repository\org\springframework\boot\spring-boot\2.7.12\spring-boot-2.7.12.jar;D:\apache-maven-3.9.2\repository\org\springframework\spring-context\5.3.27\spring-context-5.3.27.jar;D:\apache-maven-3.9.2\repository\org\springframework\spring-aop\5.3.27\spring-aop-5.3.27.jar;D:\apache-maven-3.9.2\repository\org\springframework\spring-beans\5.3.27\spring-beans-5.3.27.jar;D:\apache-maven-3.9.2\repository\org\springframework\spring-expression\5.3.27\spring-expression-5.3.27.jar;D:\apache-maven-3.9.2\repository\org\springframework\boot\spring-boot-autoconfigure\2.7.12\spring-boot-autoconfigure-2.7.12.jar;D:\apache-maven-3.9.2\repository\org\springframework\boot\spring-boot-starter-logging\2.7.12\spring-boot-starter-logging-2.7.12.jar;D:\apache-maven-3.9.2\repository\ch\qos\logback\logback-classic\1.2.12\logback-classic-1.2.12.jar;D:\apache-maven-3.9.2\repository\ch\qos\logback\logback-core\1.2.12\logback-core-1.2.12.jar;D:\apache-maven-3.9.2\repository\org\apache\logging\log4j\log4j-to-slf4j\2.17.2\log4j-to-slf4j-2.17.2.jar;D:\apache-maven-3.9.2\repository\org\apache\logging\log4j\log4j-api\2.17.2\log4j-api-2.17.2.jar;D:\apache-maven-3.9.2\repository\org\slf4j\jul-to-slf4j\1.7.36\jul-to-slf4j-1.7.36.jar;D:\apache-maven-3.9.2\repository\jakarta\annotation\jakarta.annotation-api\1.3.5\jakarta.annotation-api-1.3.5.jar;D:\apache-maven-3.9.2\repository\org\springframework\spring-core\5.3.27\spring-core-5.3.27.jar;D:\apache-maven-3.9.2\repository\org\springframework\spring-jcl\5.3.27\spring-jcl-5.3.27.jar;D:\apache-maven-3.9.2\repository\org\yaml\snakeyaml\1.30\snakeyaml-1.30.jar;D:\apache-maven-3.9.2\repository\org\springframework\boot\spring-boot-starter-test\2.7.12\spring-boot-starter-test-2.7.12.jar;D:\apache-maven-3.9.2\repository\org\springframework\boot\spring-boot-test\2.7.12\spring-boot-test-2.7.12.jar;D:\apache-maven-3.9.2\repository\org\springframework\boot\spring-boot-test-autoconfigure\2.7.12\spring-boot-test-autoconfigure-2.7.12.jar;D:\apache-maven-3.9.2\repository\com\jayway\jsonpath\json-path\2.7.0\json-path-2.7.0.jar;D:\apache-maven-3.9.2\repository\net\minidev\json-smart\2.4.11\json-smart-2.4.11.jar;D:\apache-maven-3.9.2\repository\net\minidev\accessors-smart\2.4.11\accessors-smart-2.4.11.jar;D:\apache-maven-3.9.2\repository\org\ow2\asm\asm\9.3\asm-9.3.jar;D:\apache-maven-3.9.2\repository\org\slf4j\slf4j-api\1.7.36\slf4j-api-1.7.36.jar;D:\apache-maven-3.9.2\repository\jakarta\xml\bind\jakarta.xml.bind-api\2.3.3\jakarta.xml.bind-api-2.3.3.jar;D:\apache-maven-3.9.2\repository\jakarta\activation\jakarta.activation-api\1.2.2\jakarta.activation-api-1.2.2.jar;D:\apache-maven-3.9.2\repository\org\assertj\assertj-core\3.22.0\assertj-core-3.22.0.jar;D:\apache-maven-3.9.2\repository\org\hamcrest\hamcrest\2.2\hamcrest-2.2.jar;D:\apache-maven-3.9.2\repository\org\junit\jupiter\junit-jupiter\5.8.2\junit-jupiter-5.8.2.jar;D:\apache-maven-3.9.2\repository\org\junit\jupiter\junit-jupiter-api\5.8.2\junit-jupiter-api-5.8.2.jar;D:\apache-maven-3.9.2\repository\org\opentest4j\opentest4j\1.2.0\opentest4j-1.2.0.jar;D:\apache-maven-3.9.2\repository\org\junit\platform\junit-platform-commons\1.8.2\junit-platform-commons-1.8.2.jar;D:\apache-maven-3.9.2\repository\org\apiguardian\apiguardian-api\1.1.2\apiguardian-api-1.1.2.jar;D:\apache-maven-3.9.2\repository\org\junit\jupiter\junit-jupiter-params\5.8.2\junit-jupiter-params-5.8.2.jar;D:\apache-maven-3.9.2\repository\org\junit\jupiter\junit-jupiter-engine\5.8.2\junit-jupiter-engine-5.8.2.jar;D:\apache-maven-3.9.2\repository\org\junit\platform\junit-platform-engine\1.8.2\junit-platform-engine-1.8.2.jar;D:\apache-maven-3.9.2\repository\org\mockito\mockito-core\4.5.1\mockito-core-4.5.1.jar;D:\apache-maven-3.9.2\repository\net\bytebuddy\byte-buddy\1.12.23\byte-buddy-1.12.23.jar;D:\apache-maven-3.9.2\repository\net\bytebuddy\byte-buddy-agent\1.12.23\byte-buddy-agent-1.12.23.jar;D:\apache-maven-3.9.2\repository\org\objenesis\objenesis\3.2\objenesis-3.2.jar;D:\apache-maven-3.9.2\repository\org\mockito\mockito-junit-jupiter\4.5.1\mockito-junit-jupiter-4.5.1.jar;D:\apache-maven-3.9.2\repository\org\skyscreamer\jsonassert\1.5.1\jsonassert-1.5.1.jar;D:\apache-maven-3.9.2\repository\com\vaadin\external\google\android-json\0.0.20131108.vaadin1\android-json-0.0.20131108.vaadin1.jar;D:\apache-maven-3.9.2\repository\org\springframework\spring-test\5.3.27\spring-test-5.3.27.jar;D:\apache-maven-3.9.2\repository\org\xmlunit\xmlunit-core\2.9.1\xmlunit-core-2.9.1.jar;"/>
    <property name="sun.cpu.endian" value="little"/>
    <property name="user.home" value="C:\Users\aoligei"/>
    <property name="user.language" value="zh"/>
    <property name="java.specification.vendor" value="Oracle Corporation"/>
    <property name="java.home" value="C:\Program Files\Java\jdk1.8.0_74\jre"/>
    <property name="basedir" value="D:\MySpringProject\demo"/>
    <property name="file.separator" value="\"/>
    <property name="line.separator" value="&#10;"/>
    <property name="java.vm.specification.vendor" value="Oracle Corporation"/>
    <property name="java.specification.name" value="Java Platform API Specification"/>
    <property name="java.awt.graphicsenv" value="sun.awt.Win32GraphicsEnvironment"/>
    <property name="idea.version2020.1.1" value="true"/>
    <property name="surefire.real.class.path" value="C:\Users\aoligei\AppData\Local\Temp\surefire7444737413364953163\surefirebooter4010294414833502217.jar"/>
    <property name="sun.boot.class.path" value="C:\Program Files\Java\jdk1.8.0_74\jre\lib\resources.jar;C:\Program Files\Java\jdk1.8.0_74\jre\lib\rt.jar;C:\Program Files\Java\jdk1.8.0_74\jre\lib\sunrsasign.jar;C:\Program Files\Java\jdk1.8.0_74\jre\lib\jsse.jar;C:\Program Files\Java\jdk1.8.0_74\jre\lib\jce.jar;C:\Program Files\Java\jdk1.8.0_74\jre\lib\charsets.jar;C:\Program Files\Java\jdk1.8.0_74\jre\lib\jfr.jar;C:\Program Files\Java\jdk1.8.0_74\jre\classes"/>
    <property name="user.script" value=""/>
    <property name="sun.management.compiler" value="HotSpot 64-Bit Tiered Compilers"/>
    <property name="java.runtime.version" value="1.8.0_74-b02"/>
    <property name="user.name" value="aoligei"/>
    <property name="path.separator" value=";"/>
    <property name="os.version" value="10.0"/>
    <property name="java.endorsed.dirs" value="C:\Program Files\Java\jdk1.8.0_74\jre\lib\endorsed"/>
    <property name="java.runtime.name" value="Java(TM) SE Runtime Environment"/>
    <property name="file.encoding" value="GBK"/>
    <property name="java.vm.name" value="Java HotSpot(TM) 64-Bit Server VM"/>
    <property name="localRepository" value="D:\apache-maven-3.9.2\repository"/>
    <property name="java.vendor.url.bug" value="http://bugreport.sun.com/bugreport/"/>
    <property name="java.io.tmpdir" value="C:\Users\aoligei\AppData\Local\Temp\"/>
    <property name="java.version" value="1.8.0_74"/>
    <property name="user.dir" value="D:\MySpringProject\demo"/>
    <property name="os.arch" value="amd64"/>
    <property name="java.vm.specification.name" value="Java Virtual Machine Specification"/>
    <property name="java.awt.printerjob" value="sun.awt.windows.WPrinterJob"/>
    <property name="sun.os.patch.level" value=""/>
    <property name="java.library.path" value="C:\Program Files\Java\jdk1.8.0_74\jre\bin;C:\Windows\Sun\Java\bin;C:\Windows\system32;C:\Windows;C:\ProgramData\Oracle\Java\javapath;C:\Anaconda3;C:\Anaconda3\Library\mingw-w64\bin;C:\Anaconda3\Library\usr\bin;C:\Anaconda3\Library\bin;C:\Anaconda3\Scripts;C:\Program Files\NVIDIA GPU Computing Toolkit\CUDA\v11.4\bin;C:\Program Files\NVIDIA GPU Computing Toolkit\CUDA\v11.4\libnvvp;C:\Windows\system32;C:\Windows;C:\Windows\System32\Wbem;C:\Windows\System32\WindowsPowerShell\v1.0\;C:\Windows\System32\OpenSSH\;C:\Program Files (x86)\NVIDIA Corporation\PhysX\Common;C:\Program Files\NVIDIA Corporation\NVIDIA NvDLISR;C:\Program Files\NVIDIA Corporation\Nsight Compute 2021.2.0\;D:\opecv_4.5.0\vs\install\x64\vc16\bin;C:\Program Files\Git\cmd;D:\tomcat\apache-tomcat-8.5.86\lib;D:\tomcat\apache-tomcat-8.5.86\bin;C:\Program Files (x86)\NetSarang\Xshell 7\;C:\Program Files (x86)\NetSarang\Xftp 7\;C:\Users\aoligei\AppData\Local\Microsoft\WindowsApps;C:\Program Files\CMake\bin;C:\Program Files\Bandizip\;C:\Program Files\JetBrains\PyCharm 2020.1.3\bin;;C:\Program Files\Java\jdk1.8.0_74\bin;C:\Program Files\Java\jdk1.8.0_74\jre\bin;D:\IntelliJ IDEA 2020.1.1\bin;D:\mysql\mysql-8.0.30-winx64;D:\mysql\mysql-8.0.30-winx64\bin;."/>
    <property name="java.vm.info" value="mixed mode"/>
    <property name="java.vendor" value="Oracle Corporation"/>
    <property name="java.vm.version" value="25.74-b02"/>
    <property name="java.ext.dirs" value="C:\Program Files\Java\jdk1.8.0_74\jre\lib\ext;C:\Windows\Sun\Java\lib\ext"/>
    <property name="sun.io.unicode.encoding" value="UnicodeLittle"/>
    <property name="maven.repo.local" value="D:\apache-maven-3.9.2\repository"/>
    <property name="java.class.version" value="52.0"/>
  </properties>
  <testcase name="contextLoads" classname="com.example.demo.DemoApplicationTests" time="0.172"/>
</testsuite>